2018-07-28 23:48:50 [scrapy.utils.log] INFO: Scrapy 1.5.0 started (bot: tencentSpider)
2018-07-28 23:48:50 [scrapy.utils.log] INFO: Versions: lxml 4.2.2.0, libxml2 2.9.8, cssselect 1.0.3, parsel 1.5.0, w3lib 1.19.0, Twisted 18.4.0, Python 3.6.4 (default, Mar  3 2018, 17:30:17) - [GCC 4.2.1 Compatible Apple LLVM 9.0.0 (clang-900.0.39.2)], pyOpenSSL 18.0.0 (OpenSSL 1.1.0h  27 Mar 2018), cryptography 2.2.2, Platform Darwin-17.7.0-x86_64-i386-64bit
2018-07-28 23:48:50 [scrapy.crawler] INFO: Overridden settings: {'BOT_NAME': 'tencentSpider', 'DOWNLOAD_DELAY': 3, 'LOG_FILE': 'tencent.log', 'LOG_LEVEL': 'INFO', 'NEWSPIDER_MODULE': 'tencentSpider.spiders', 'ROBOTSTXT_OBEY': True, 'SPIDER_MODULES': ['tencentSpider.spiders']}
2018-07-28 23:48:51 [scrapy.middleware] INFO: Enabled extensions:
['scrapy.extensions.corestats.CoreStats',
 'scrapy.extensions.telnet.TelnetConsole',
 'scrapy.extensions.memusage.MemoryUsage',
 'scrapy.extensions.logstats.LogStats']
2018-07-28 23:48:51 [scrapy.middleware] INFO: Enabled downloader middlewares:
['scrapy.downloadermiddlewares.robotstxt.RobotsTxtMiddleware',
 'scrapy.downloadermiddlewares.httpauth.HttpAuthMiddleware',
 'scrapy.downloadermiddlewares.downloadtimeout.DownloadTimeoutMiddleware',
 'scrapy.downloadermiddlewares.defaultheaders.DefaultHeadersMiddleware',
 'scrapy.downloadermiddlewares.useragent.UserAgentMiddleware',
 'scrapy.downloadermiddlewares.retry.RetryMiddleware',
 'scrapy.downloadermiddlewares.redirect.MetaRefreshMiddleware',
 'scrapy.downloadermiddlewares.httpcompression.HttpCompressionMiddleware',
 'scrapy.downloadermiddlewares.redirect.RedirectMiddleware',
 'scrapy.downloadermiddlewares.cookies.CookiesMiddleware',
 'scrapy.downloadermiddlewares.httpproxy.HttpProxyMiddleware',
 'scrapy.downloadermiddlewares.stats.DownloaderStats']
2018-07-28 23:48:51 [scrapy.middleware] INFO: Enabled spider middlewares:
['scrapy.spidermiddlewares.httperror.HttpErrorMiddleware',
 'scrapy.spidermiddlewares.offsite.OffsiteMiddleware',
 'scrapy.spidermiddlewares.referer.RefererMiddleware',
 'scrapy.spidermiddlewares.urllength.UrlLengthMiddleware',
 'scrapy.spidermiddlewares.depth.DepthMiddleware']
2018-07-28 23:48:51 [scrapy.middleware] INFO: Enabled item pipelines:
['tencentSpider.pipelines.tencentSpiderPipeline']
2018-07-28 23:48:51 [scrapy.core.engine] INFO: Spider opened
2018-07-28 23:48:51 [scrapy.extensions.logstats] INFO: Crawled 0 pages (at 0 pages/min), scraped 0 items (at 0 items/min)
2018-07-28 23:49:35 [scrapy.crawler] INFO: Received SIG_UNBLOCK, shutting down gracefully. Send again to force 
2018-07-28 23:49:35 [scrapy.core.engine] INFO: Closing spider (shutdown)
2018-07-28 23:49:35 [scrapy.crawler] INFO: Received SIG_UNBLOCK twice, forcing unclean shutdown
2018-07-29 12:45:35 [scrapy.utils.log] INFO: Scrapy 1.5.0 started (bot: tencentSpider)
2018-07-29 12:45:35 [scrapy.utils.log] INFO: Versions: lxml 4.2.2.0, libxml2 2.9.8, cssselect 1.0.3, parsel 1.5.0, w3lib 1.19.0, Twisted 18.4.0, Python 3.6.4 (default, Mar  3 2018, 17:30:17) - [GCC 4.2.1 Compatible Apple LLVM 9.0.0 (clang-900.0.39.2)], pyOpenSSL 18.0.0 (OpenSSL 1.1.0h  27 Mar 2018), cryptography 2.2.2, Platform Darwin-17.7.0-x86_64-i386-64bit
2018-07-29 12:45:35 [scrapy.crawler] INFO: Overridden settings: {'BOT_NAME': 'tencentSpider', 'DOWNLOAD_DELAY': 3, 'LOG_FILE': 'tencent.log', 'NEWSPIDER_MODULE': 'tencentSpider.spiders', 'ROBOTSTXT_OBEY': True, 'SPIDER_MODULES': ['tencentSpider.spiders']}
2018-07-29 12:45:35 [scrapy.middleware] INFO: Enabled extensions:
['scrapy.extensions.corestats.CoreStats',
 'scrapy.extensions.telnet.TelnetConsole',
 'scrapy.extensions.memusage.MemoryUsage',
 'scrapy.extensions.logstats.LogStats']
2018-07-29 12:45:35 [scrapy.middleware] INFO: Enabled downloader middlewares:
['scrapy.downloadermiddlewares.robotstxt.RobotsTxtMiddleware',
 'scrapy.downloadermiddlewares.httpauth.HttpAuthMiddleware',
 'scrapy.downloadermiddlewares.downloadtimeout.DownloadTimeoutMiddleware',
 'scrapy.downloadermiddlewares.defaultheaders.DefaultHeadersMiddleware',
 'scrapy.downloadermiddlewares.useragent.UserAgentMiddleware',
 'scrapy.downloadermiddlewares.retry.RetryMiddleware',
 'scrapy.downloadermiddlewares.redirect.MetaRefreshMiddleware',
 'scrapy.downloadermiddlewares.httpcompression.HttpCompressionMiddleware',
 'scrapy.downloadermiddlewares.redirect.RedirectMiddleware',
 'scrapy.downloadermiddlewares.cookies.CookiesMiddleware',
 'scrapy.downloadermiddlewares.httpproxy.HttpProxyMiddleware',
 'scrapy.downloadermiddlewares.stats.DownloaderStats']
2018-07-29 12:45:35 [scrapy.middleware] INFO: Enabled spider middlewares:
['scrapy.spidermiddlewares.httperror.HttpErrorMiddleware',
 'scrapy.spidermiddlewares.offsite.OffsiteMiddleware',
 'scrapy.spidermiddlewares.referer.RefererMiddleware',
 'scrapy.spidermiddlewares.urllength.UrlLengthMiddleware',
 'scrapy.spidermiddlewares.depth.DepthMiddleware']
2018-07-29 12:45:35 [scrapy.middleware] INFO: Enabled item pipelines:
['tencentSpider.pipelines.tencentSpiderPipeline']
2018-07-29 12:45:35 [scrapy.core.engine] INFO: Spider opened
2018-07-29 12:45:35 [scrapy.extensions.logstats] INFO: Crawled 0 pages (at 0 pages/min), scraped 0 items (at 0 items/min)
2018-07-29 12:45:35 [scrapy.extensions.telnet] DEBUG: Telnet console listening on 127.0.0.1:6023
2018-07-29 12:46:35 [scrapy.extensions.logstats] INFO: Crawled 0 pages (at 0 pages/min), scraped 0 items (at 0 items/min)
2018-07-29 12:46:51 [scrapy.downloadermiddlewares.retry] DEBUG: Retrying <GET http://tencent.com/robots.txt> (failed 1 times): TCP connection timed out: 60: Operation timed out.
2018-07-29 12:47:35 [scrapy.extensions.logstats] INFO: Crawled 0 pages (at 0 pages/min), scraped 0 items (at 0 items/min)
2018-07-29 12:48:06 [scrapy.downloadermiddlewares.retry] DEBUG: Retrying <GET http://tencent.com/robots.txt> (failed 2 times): TCP connection timed out: 60: Operation timed out.
2018-07-29 12:48:35 [scrapy.extensions.logstats] INFO: Crawled 0 pages (at 0 pages/min), scraped 0 items (at 0 items/min)
2018-07-29 12:49:21 [scrapy.downloadermiddlewares.retry] DEBUG: Gave up retrying <GET http://tencent.com/robots.txt> (failed 3 times): TCP connection timed out: 60: Operation timed out.
2018-07-29 12:49:21 [scrapy.downloadermiddlewares.robotstxt] ERROR: Error downloading <GET http://tencent.com/robots.txt>: TCP connection timed out: 60: Operation timed out.
twisted.internet.error.TCPTimedOutError: TCP connection timed out: 60: Operation timed out.
2018-07-29 12:49:35 [scrapy.extensions.logstats] INFO: Crawled 0 pages (at 0 pages/min), scraped 0 items (at 0 items/min)
2018-07-29 12:49:49 [scrapy.crawler] INFO: Received SIG_UNBLOCK, shutting down gracefully. Send again to force 
2018-07-29 12:49:49 [scrapy.core.engine] INFO: Closing spider (shutdown)
2018-07-29 12:49:50 [scrapy.crawler] INFO: Received SIG_UNBLOCK twice, forcing unclean shutdown
2018-07-29 12:49:50 [scrapy.downloadermiddlewares.retry] DEBUG: Retrying <GET http://tencent.com/> (failed 1 times): An error occurred while connecting: [Failure instance: Traceback (failure with no frames): <class 'twisted.internet.error.ConnectionLost'>: Connection to the other side was lost in a non-clean fashion: Connection lost.
].
2018-07-29 12:49:50 [scrapy.statscollectors] INFO: Dumping Scrapy stats:
{'downloader/exception_count': 4,
 'downloader/exception_type_count/twisted.internet.error.ConnectError': 1,
 'downloader/exception_type_count/twisted.internet.error.TCPTimedOutError': 3,
 'downloader/request_bytes': 838,
 'downloader/request_count': 4,
 'downloader/request_method_count/GET': 4,
 'finish_reason': 'shutdown',
 'finish_time': datetime.datetime(2018, 7, 29, 4, 49, 50, 187401),
 'log_count/DEBUG': 5,
 'log_count/ERROR': 1,
 'log_count/INFO': 13,
 'memusage/max': 50106368,
 'memusage/startup': 49524736,
 'retry/count': 3,
 'retry/max_reached': 1,
 'retry/reason_count/twisted.internet.error.ConnectError': 1,
 'retry/reason_count/twisted.internet.error.TCPTimedOutError': 2,
 'scheduler/dequeued': 1,
 'scheduler/dequeued/memory': 1,
 'scheduler/enqueued': 2,
 'scheduler/enqueued/memory': 2,
 'start_time': datetime.datetime(2018, 7, 29, 4, 45, 35, 916021)}
2018-07-29 12:49:50 [scrapy.core.engine] INFO: Spider closed (shutdown)
